<?xml version='1.0' encoding='utf-8'?>
<testsuites name="seat_heating_control" tests="3" errors="0" failures="0" skipped="0" timestamp="2025-06-25T10:44:46.212570" time="55"><testsuite name="Requirements-based Tests SIL" tests="1" errors="0" failures="0" skipped="0"><testcase name="Comprehensive Seat Heating Control Test" /></testsuite><testsuite name="Requirements-based Tests SL MIL" tests="2" errors="0" failures="0" skipped="0"><testcase name="Comprehensive Seat Heating Control Test" /></testsuite><testsuite name="B2B Test SL MIL vs. SIL" tests="1"><testcase name="B2B Test SL MIL vs. SIL" /></testsuite></testsuites>